<?xml version="1.0" encoding="UTF-8"?>
<!-- Generated by org.testng.reporters.JUnitXMLReporter -->
<testsuite ignored="2" hostname="pavanraut2137" failures="1" tests="1" name="Test(failed)" time="0.044" errors="0" timestamp="2022-08-31T00:11:30 IST">
  <testcase classname="_testNG_suite_.sample2" name="TC5" time="0.012">
    <failure type="java.lang.AssertionError" message="null">
      <![CDATA[java.lang.AssertionError: null
at _testNG_suite_.sample2.TC5(sample2.java:17)
at java.base/java.util.ArrayList.forEach(ArrayList.java:1511)
... Removed 27 stack frames]]>
    </failure>
  </testcase> <!-- TC5 -->
  <testcase classname="_testNG_suite_.sample2" name="TC6" time="0.0">
    <ignored/>
  </testcase> <!-- TC6 -->
  <testcase classname="_testNG_suite_.sample2" name="TC4" time="0.0">
    <ignored/>
  </testcase> <!-- TC4 -->
</testsuite> <!-- Test(failed) -->
