<?xml version="1.0" encoding="UTF-8"?>
<!-- Generated by org.testng.reporters.JUnitXMLReporter -->
<testsuite ignored="0" hostname="pavanraut2137" failures="1" tests="10" name="Test" time="0.067" errors="0" timestamp="2022-08-31T00:10:49 IST">
  <testcase classname="_testNG_suite_.sample1" name="TC1" time="0.008"/>
  <testcase classname="_testNG_suite_.sample1" name="TC2" time="0.001"/>
  <testcase classname="_testNG_suite_.sample1" name="TC3" time="0.0"/>
  <testcase classname="_testNG_suite_.sample2" name="TC4" time="0.001"/>
  <testcase classname="_testNG_suite_.sample2" name="TC5" time="0.003">
    <failure type="java.lang.AssertionError" message="null">
      <![CDATA[java.lang.AssertionError: null
at _testNG_suite_.sample2.TC5(sample2.java:17)
at java.base/java.util.ArrayList.forEach(ArrayList.java:1511)
... Removed 27 stack frames]]>
    </failure>
  </testcase> <!-- TC5 -->
  <testcase classname="_testNG_suite_.sample2" name="TC6" time="0.001"/>
  <testcase classname="_testNG_suite_.sample3" name="TC10" time="0.001"/>
  <testcase classname="_testNG_suite_.sample3" name="TC7" time="0.001"/>
  <testcase classname="_testNG_suite_.sample3" name="TC8" time="0.001"/>
  <testcase classname="_testNG_suite_.sample3" name="TC9" time="0.001"/>
</testsuite> <!-- Test -->
