<?xml version="1.0" encoding="UTF-8"?>
<!-- Generated by org.testng.reporters.JUnitXMLReporter -->
<testsuite ignored="0" hostname="pavanraut2137" failures="0" tests="8" name="Test_Group" time="0.063" errors="0" timestamp="2022-09-04T00:24:45 IST">
  <testcase classname="_testNG_Group_execution._Test_Group_" name="TC1" time="0.008"/>
  <testcase classname="_testNG_Group_execution._Test_Group_" name="TC2" time="0.001"/>
  <testcase classname="_testNG_Group_execution._Test_Group_" name="TC3" time="0.001"/>
  <testcase classname="_testNG_Group_execution._Test_Group_" name="TC4" time="0.001"/>
  <testcase classname="_testNG_Group_execution._Test_Group_" name="TC5" time="0.001"/>
  <testcase classname="_testNG_Group_execution._Test_Group_" name="TC6" time="0.001"/>
  <testcase classname="_testNG_Group_execution._Test_Group_" name="TC7" time="0.001"/>
  <testcase classname="_testNG_Group_execution._Test_Group_" name="TC8" time="0.001"/>
</testsuite> <!-- Test_Group -->
